Bringing machine 'default' up with 'virtualbox' provider...
==> default: Importing base box 'ubuntu-14.04-xen'...
[KProgress: 10%[KProgress: 20%[KProgress: 40%[KProgress: 90%[K==> default: Matching MAC address for NAT networking...
==> default: Setting the name of the VM: ubuntu-1404_default_1444612354367_84720
==> default: Fixed port collision for 22 => 2222. Now on port 2202.
==> default: Clearing any previously set network interfaces...
==> default: Preparing network interfaces based on configuration...
    default: Adapter 1: nat
==> default: Forwarding ports...
    default: 22 => 2202 (adapter 1)
==> default: Booting VM...
==> default: Waiting for machine to boot. This may take a few minutes...
    default: SSH address: 127.0.0.1:2202
    default: SSH username: vagrant
    default: SSH auth method: private key
    default: Warning: Connection timeout. Retrying...
    default: 
    default: Vagrant insecure key detected. Vagrant will automatically replace
    default: this with a newly generated keypair for better security.
    default: 
    default: Inserting generated public key within guest...
    default: Removing insecure key from the guest if it's present...
    default: Key inserted! Disconnecting and reconnecting using new SSH key...
==> default: Machine booted and ready!
==> default: Checking for guest additions in VM...
==> default: Running provisioner: shell...
    default: Running: /var/folders/kl/p_96mxr96qb65ysrky9_23jm0000gn/T/vagrant-shell20151011-4743-x6r48x.sh
==> default: stdin: is not a tty
==> default: + 
==> default: apt-get
==> default:  update
==> default:  -y
==> default: Ign http://archive.ubuntu.com trusty InRelease
==> default: Get:1 http://archive.ubuntu.com trusty-updates InRelease [64.4 kB]
==> default: Hit http://security.ubuntu.com trusty-security InRelease
==> default: Hit http://security.ubuntu.com trusty-security/main Sources
==> default: Get:2 http://archive.ubuntu.com trusty-backports InRelease [64.5 kB]
==> default: Hit http://security.ubuntu.com trusty-security/restricted Sources
==> default: Hit http://archive.ubuntu.com trusty Release.gpg
==> default: Hit http://security.ubuntu.com trusty-security/universe Sources
==> default: Get:3 http://archive.ubuntu.com trusty-updates/main Sources [238 kB]
==> default: Hit http://security.ubuntu.com trusty-security/multiverse Sources
==> default: Hit http://security.ubuntu.com trusty-security/main amd64 Packages
==> default: Hit http://security.ubuntu.com trusty-security/restricted amd64 Packages
==> default: Get:4 http://archive.ubuntu.com trusty-updates/restricted Sources [4,722 B]
==> default: Get:5 http://archive.ubuntu.com trusty-updates/universe Sources [140 kB]
==> default: Hit http://security.ubuntu.com trusty-security/universe amd64 Packages
==> default: Hit http://security.ubuntu.com trusty-security/multiverse amd64 Packages
==> default: Get:6 http://archive.ubuntu.com trusty-updates/multiverse Sources [5,144 B]
==> default: Get:7 http://archive.ubuntu.com trusty-updates/main amd64 Packages [629 kB]
==> default: Hit http://security.ubuntu.com trusty-security/main i386 Packages
==> default: Hit http://security.ubuntu.com trusty-security/restricted i386 Packages
==> default: Hit http://security.ubuntu.com trusty-security/universe i386 Packages
==> default: Hit http://security.ubuntu.com trusty-security/multiverse i386 Packages
==> default: Hit http://security.ubuntu.com trusty-security/main Translation-en
==> default: Hit http://security.ubuntu.com trusty-security/multiverse Translation-en
==> default: Get:8 http://archive.ubuntu.com trusty-updates/restricted amd64 Packages [15.4 kB]
==> default: Get:9 http://archive.ubuntu.com trusty-updates/universe amd64 Packages [323 kB]
==> default: Hit http://security.ubuntu.com trusty-security/restricted Translation-en
==> default: Hit http://security.ubuntu.com trusty-security/universe Translation-en
==> default: Get:10 http://archive.ubuntu.com trusty-updates/multiverse amd64 Packages [11.9 kB]
==> default: Get:11 http://archive.ubuntu.com trusty-updates/main i386 Packages [609 kB]
==> default: Get:12 http://archive.ubuntu.com trusty-updates/restricted i386 Packages [15.1 kB]
==> default: Get:13 http://archive.ubuntu.com trusty-updates/universe i386 Packages [324 kB]
==> default: Get:14 http://archive.ubuntu.com trusty-updates/multiverse i386 Packages [12.1 kB]
==> default: Get:15 http://archive.ubuntu.com trusty-updates/main Translation-en [305 kB]
==> default: Get:16 http://archive.ubuntu.com trusty-updates/multiverse Translation-en [6,148 B]
==> default: Get:17 http://archive.ubuntu.com trusty-updates/restricted Translation-en [3,569 B]
==> default: Get:18 http://archive.ubuntu.com trusty-updates/universe Translation-en [170 kB]
==> default: Get:19 http://archive.ubuntu.com trusty-backports/main Sources [5,860 B]
==> default: Get:20 http://archive.ubuntu.com trusty-backports/restricted Sources [28 B]
==> default: Get:21 http://archive.ubuntu.com trusty-backports/universe Sources [29.2 kB]
==> default: Get:22 http://archive.ubuntu.com trusty-backports/multiverse Sources [1,898 B]
==> default: Get:23 http://archive.ubuntu.com trusty-backports/main amd64 Packages [6,288 B]
==> default: Get:24 http://archive.ubuntu.com trusty-backports/restricted amd64 Packages [28 B]
==> default: Get:25 http://archive.ubuntu.com trusty-backports/universe amd64 Packages [33.0 kB]
==> default: Get:26 http://archive.ubuntu.com trusty-backports/multiverse amd64 Packages [1,571 B]
==> default: Get:27 http://archive.ubuntu.com trusty-backports/main i386 Packages [6,293 B]
==> default: Get:28 http://archive.ubuntu.com trusty-backports/restricted i386 Packages [28 B]
==> default: Get:29 http://archive.ubuntu.com trusty-backports/universe i386 Packages [33.0 kB]
==> default: Get:30 http://archive.ubuntu.com trusty-backports/multiverse i386 Packages [1,552 B]
==> default: Hit http://archive.ubuntu.com trusty-backports/main Translation-en
==> default: Hit http://archive.ubuntu.com trusty-backports/multiverse Translation-en
==> default: Hit http://archive.ubuntu.com trusty-backports/restricted Translation-en
==> default: Hit http://archive.ubuntu.com trusty-backports/universe Translation-en
==> default: Hit http://archive.ubuntu.com trusty Release
==> default: Hit http://archive.ubuntu.com trusty/main Sources
==> default: Hit http://archive.ubuntu.com trusty/restricted Sources
==> default: Hit http://archive.ubuntu.com trusty/universe Sources
==> default: Hit http://archive.ubuntu.com trusty/multiverse Sources
==> default: Hit http://archive.ubuntu.com trusty/main amd64 Packages
==> default: Hit http://archive.ubuntu.com trusty/restricted amd64 Packages
==> default: Hit http://archive.ubuntu.com trusty/universe amd64 Packages
==> default: Hit http://archive.ubuntu.com trusty/multiverse amd64 Packages
==> default: Hit http://archive.ubuntu.com trusty/main i386 Packages
==> default: Hit http://archive.ubuntu.com trusty/restricted i386 Packages
==> default: Hit http://archive.ubuntu.com trusty/universe i386 Packages
==> default: Hit http://archive.ubuntu.com trusty/multiverse i386 Packages
==> default: Hit http://archive.ubuntu.com trusty/main Translation-en
==> default: Hit http://archive.ubuntu.com trusty/multiverse Translation-en
==> default: Hit http://archive.ubuntu.com trusty/restricted Translation-en
==> default: Hit http://archive.ubuntu.com trusty/universe Translation-en
==> default: Ign http://archive.ubuntu.com trusty/main Translation-en_US
==> default: Ign http://archive.ubuntu.com trusty/multiverse Translation-en_US
==> default: Ign http://archive.ubuntu.com trusty/restricted Translation-en_US
==> default: Ign http://archive.ubuntu.com trusty/universe Translation-en_US
==> default: Fetched 3,060 kB in 6s (444 kB/s)
==> default: Reading package lists...
==> default: + 
==> default: apt-get
==> default:  upgrade
==> default:  -y
==> default: Reading package lists...
==> default: Building dependency tree...
==> default: Reading state information...
==> default: The following packages have been kept back:
==> default:   linux-generic-lts-vivid linux-headers-generic-lts-vivid
==> default:   linux-image-generic-lts-vivid
==> default: 0 upgraded, 0 newly installed, 0 to remove and 3 not upgraded.
==> default: + 
==> default: uname
==> default:  -r
==> default: + 
==> default: apt-get
==> default:  install
==> default:  -y
==> default:  linux-headers-3.19.0-25-generic
==> default:  build-essential
==> default:  m4
==> default: Reading package lists...
==> default: Building dependency tree...
==> default: Reading state information...
==> default: linux-headers-3.19.0-25-generic is already the newest version.
==> default: linux-headers-3.19.0-25-generic set to manually installed.
==> default: The following extra packages will be installed:
==> default:   dpkg-dev g++ g++-4.8 libalgorithm-diff-perl libalgorithm-diff-xs-perl
==> default:   libalgorithm-merge-perl libdpkg-perl libfile-fcntllock-perl libsigsegv2
==> default:   libstdc++-4.8-dev
==> default: Suggested packages:
==> default:   debian-keyring g++-multilib g++-4.8-multilib gcc-4.8-doc libstdc++6-4.8-dbg
==> default:   libstdc++-4.8-doc
==> default: The following NEW packages will be installed:
==> default:   build-essential dpkg-dev g++ g++-4.8 libalgorithm-diff-perl
==> default:   libalgorithm-diff-xs-perl libalgorithm-merge-perl libdpkg-perl
==> default:   libfile-fcntllock-perl libsigsegv2 libstdc++-4.8-dev m4
==> default: 0 upgraded, 12 newly installed, 0 to remove and 3 not upgraded.
==> default: Need to get 17.2 MB of archives.
==> default: After this operation, 40.9 MB of additional disk space will be used.
==> default: Get:1 http://archive.ubuntu.com/ubuntu/ trusty/main libsigsegv2 amd64 2.10-2 [15.0 kB]
==> default: Get:2 http://archive.ubuntu.com/ubuntu/ trusty-updates/main libstdc++-4.8-dev amd64 4.8.4-2ubuntu1~14.04 [1,052 kB]
==> default: Get:3 http://archive.ubuntu.com/ubuntu/ trusty-updates/main g++-4.8 amd64 4.8.4-2ubuntu1~14.04 [15.0 MB]
==> default: Get:4 http://archive.ubuntu.com/ubuntu/ trusty/main g++ amd64 4:4.8.2-1ubuntu6 [1,490 B]
==> default: Get:5 http://archive.ubuntu.com/ubuntu/ trusty-updates/main libdpkg-perl all 1.17.5ubuntu5.4 [179 kB]
==> default: Get:6 http://archive.ubuntu.com/ubuntu/ trusty-updates/main dpkg-dev all 1.17.5ubuntu5.4 [726 kB]
==> default: Get:7 http://archive.ubuntu.com/ubuntu/ trusty/main build-essential amd64 11.6ubuntu6 [4,838 B]
==> default: Get:8 http://archive.ubuntu.com/ubuntu/ trusty/main libalgorithm-diff-perl all 1.19.02-3 [50.0 kB]
==> default: Get:9 http://archive.ubuntu.com/ubuntu/ trusty/main libalgorithm-diff-xs-perl amd64 0.04-2build4 [12.6 kB]
==> default: Get:10 http://archive.ubuntu.com/ubuntu/ trusty/main libalgorithm-merge-perl all 0.08-2 [12.7 kB]
==> default: Get:11 http://archive.ubuntu.com/ubuntu/ trusty/main libfile-fcntllock-perl amd64 0.14-2build1 [15.9 kB]
==> default: Get:12 http://archive.ubuntu.com/ubuntu/ trusty/main m4 amd64 1.4.17-2ubuntu1 [195 kB]
==> default: dpkg-preconfigure: unable to re-open stdin: No such file or directory
==> default: Fetched 17.2 MB in 6s (2,470 kB/s)
==> default: Selecting previously unselected package libsigsegv2:amd64.
==> default: (Reading database ... 59519 files and directories currently installed.)
==> default: Preparing to unpack .../libsigsegv2_2.10-2_amd64.deb ...
==> default: Unpacking libsigsegv2:amd64 (2.10-2) ...
==> default: Selecting previously unselected package libstdc++-4.8-dev:amd64.
==> default: Preparing to unpack .../libstdc++-4.8-dev_4.8.4-2ubuntu1~14.04_amd64.deb ...
==> default: Unpacking libstdc++-4.8-dev:amd64 (4.8.4-2ubuntu1~14.04) ...
==> default: Selecting previously unselected package g++-4.8.
==> default: Preparing to unpack .../g++-4.8_4.8.4-2ubuntu1~14.04_amd64.deb ...
==> default: Unpacking g++-4.8 (4.8.4-2ubuntu1~14.04) ...
==> default: Selecting previously unselected package g++.
==> default: Preparing to unpack .../g++_4%3a4.8.2-1ubuntu6_amd64.deb ...
==> default: Unpacking g++ (4:4.8.2-1ubuntu6) ...
==> default: Selecting previously unselected package libdpkg-perl.
==> default: Preparing to unpack .../libdpkg-perl_1.17.5ubuntu5.4_all.deb ...
==> default: Unpacking libdpkg-perl (1.17.5ubuntu5.4) ...
==> default: Selecting previously unselected package dpkg-dev.
==> default: Preparing to unpack .../dpkg-dev_1.17.5ubuntu5.4_all.deb ...
==> default: Unpacking dpkg-dev (1.17.5ubuntu5.4) ...
==> default: Selecting previously unselected package build-essential.
==> default: Preparing to unpack .../build-essential_11.6ubuntu6_amd64.deb ...
==> default: Unpacking build-essential (11.6ubuntu6) ...
==> default: Selecting previously unselected package libalgorithm-diff-perl.
==> default: Preparing to unpack .../libalgorithm-diff-perl_1.19.02-3_all.deb ...
==> default: Unpacking libalgorithm-diff-perl (1.19.02-3) ...
==> default: Selecting previously unselected package libalgorithm-diff-xs-perl.
==> default: Preparing to unpack .../libalgorithm-diff-xs-perl_0.04-2build4_amd64.deb ...
==> default: Unpacking libalgorithm-diff-xs-perl (0.04-2build4) ...
==> default: Selecting previously unselected package libalgorithm-merge-perl.
==> default: Preparing to unpack .../libalgorithm-merge-perl_0.08-2_all.deb ...
==> default: Unpacking libalgorithm-merge-perl (0.08-2) ...
==> default: Selecting previously unselected package libfile-fcntllock-perl.
==> default: Preparing to unpack .../libfile-fcntllock-perl_0.14-2build1_amd64.deb ...
==> default: Unpacking libfile-fcntllock-perl (0.14-2build1) ...
==> default: Selecting previously unselected package m4.
==> default: Preparing to unpack .../m4_1.4.17-2ubuntu1_amd64.deb ...
==> default: Unpacking m4 (1.4.17-2ubuntu1) ...
==> default: Processing triggers for man-db (2.6.7.1-1ubuntu1) ...
==> default: Processing triggers for install-info (5.2.0.dfsg.1-2) ...
==> default: Setting up libsigsegv2:amd64 (2.10-2) ...
==> default: Setting up libstdc++-4.8-dev:amd64 (4.8.4-2ubuntu1~14.04) ...
==> default: Setting up g++-4.8 (4.8.4-2ubuntu1~14.04) ...
==> default: Setting up g++ (4:4.8.2-1ubuntu6) ...
==> default: update-alternatives: 
==> default: using /usr/bin/g++ to provide /usr/bin/c++ (c++) in auto mode
==> default: Setting up libdpkg-perl (1.17.5ubuntu5.4) ...
==> default: Setting up dpkg-dev (1.17.5ubuntu5.4) ...
==> default: Setting up build-essential (11.6ubuntu6) ...
==> default: Setting up libalgorithm-diff-perl (1.19.02-3) ...
==> default: Setting up libalgorithm-diff-xs-perl (0.04-2build4) ...
==> default: Setting up libalgorithm-merge-perl (0.08-2) ...
==> default: Setting up libfile-fcntllock-perl (0.14-2build1) ...
==> default: Setting up m4 (1.4.17-2ubuntu1) ...
==> default: Processing triggers for libc-bin (2.19-0ubuntu6.6) ...
==> default: + 
==> default: apt-get
==> default:  install
==> default:  -y
==> default:  ssh
==> default: Reading package lists...
==> default: Building dependency tree...
==> default: Reading state information...
==> default: The following NEW packages will be installed:
==> default:   ssh
==> default: 0 upgraded, 1 newly installed, 0 to remove and 3 not upgraded.
==> default: Need to get 1,114 B of archives.
==> default: After this operation, 29.7 kB of additional disk space will be used.
==> default: Get:1 http://archive.ubuntu.com/ubuntu/ trusty-updates/main ssh all 1:6.6p1-2ubuntu2.3 [1,114 B]
==> default: dpkg-preconfigure: unable to re-open stdin: No such file or directory
==> default: Fetched 1,114 B in 0s (5,493 B/s)
==> default: Selecting previously unselected package ssh.
==> default: (Reading database ... 60771 files and directories currently installed.)
==> default: Preparing to unpack .../ssh_1%3a6.6p1-2ubuntu2.3_all.deb ...
==> default: Unpacking ssh (1:6.6p1-2ubuntu2.3) ...
==> default: Setting up ssh (1:6.6p1-2ubuntu2.3) ...
==> default: + 
==> default: apt-get
==> default:  install
==> default:  -y
==> default:  tcpdump
==> default: Reading package lists...
==> default: Building dependency tree...
==> default: Reading state information...
==> default: tcpdump is already the newest version.
==> default: 0 upgraded, 0 newly installed, 0 to remove and 3 not upgraded.
==> default: + 
==> default: apt-get
==> default:  install
==> default:  -y
==> default:  ntp
==> default: Reading package lists...
==> default: Building dependency tree...
==> default: Reading state information...
==> default: The following extra packages will be installed:
==> default:   libopts25
==> default: Suggested packages:
==> default:   ntp-doc
==> default: The following NEW packages will be installed:
==> default:   libopts25 ntp
==> default: 0 upgraded, 2 newly installed, 0 to remove and 3 not upgraded.
==> default: Need to get 473 kB of archives.
==> default: After this operation, 1,676 kB of additional disk space will be used.
==> default: Get:1 http://archive.ubuntu.com/ubuntu/ trusty/main libopts25 amd64 1:5.18-2ubuntu2 [55.3 kB]
==> default: Get:2 http://archive.ubuntu.com/ubuntu/ trusty-updates/main ntp amd64 1:4.2.6.p5+dfsg-3ubuntu2.14.04.3 [418 kB]
==> default: dpkg-preconfigure: unable to re-open stdin: No such file or directory
==> default: Fetched 473 kB in 0s (531 kB/s)
==> default: Selecting previously unselected package libopts25:amd64.
==> default: (Reading database ... 60773 files and directories currently installed.)
==> default: Preparing to unpack .../libopts25_1%3a5.18-2ubuntu2_amd64.deb ...
==> default: Unpacking libopts25:amd64 (1:5.18-2ubuntu2) ...
==> default: Selecting previously unselected package ntp.
==> default: Preparing to unpack .../ntp_1%3a4.2.6.p5+dfsg-3ubuntu2.14.04.3_amd64.deb ...
==> default: Unpacking ntp (1:4.2.6.p5+dfsg-3ubuntu2.14.04.3) ...
==> default: Processing triggers for man-db (2.6.7.1-1ubuntu1) ...
==> default: Processing triggers for ureadahead (0.100.0-16) ...
==> default: ureadahead will be reprofiled on next reboot
==> default: Setting up libopts25:amd64 (1:5.18-2ubuntu2) ...
==> default: Setting up ntp (1:4.2.6.p5+dfsg-3ubuntu2.14.04.3) ...
==> default:  * Starting NTP server ntpd
==> default:    ...done.
==> default: Processing triggers for libc-bin (2.19-0ubuntu6.6) ...
==> default: Processing triggers for ureadahead (0.100.0-16) ...
==> default: + 
==> default: apt-get
==> default:  install
==> default:  -y
==> default:  nfs-common
==> default:  nfs-kernel-server
==> default: Reading package lists...
==> default: Building dependency tree...
==> default: Reading state information...
==> default: The following extra packages will be installed:
==> default:   libevent-2.0-5 libgssglue1 libnfsidmap2 libtirpc1 rpcbind
==> default: Suggested packages:
==> default:   open-iscsi watchdog
==> default: The following NEW packages will be installed:
==> default:   libevent-2.0-5 libgssglue1 libnfsidmap2 libtirpc1 nfs-common
==> default:   nfs-kernel-server rpcbind
==> default: 0 upgraded, 7 newly installed, 0 to remove and 3 not upgraded.
==> default: Need to get 553 kB of archives.
==> default: After this operation, 2,219 kB of additional disk space will be used.
==> default: Get:1 http://archive.ubuntu.com/ubuntu/ trusty-updates/main libevent-2.0-5 amd64 2.0.21-stable-1ubuntu1.14.04.1 [126 kB]
==> default: Get:2 http://archive.ubuntu.com/ubuntu/ trusty/main libgssglue1 amd64 0.4-2ubuntu1 [19.7 kB]
==> default: Get:3 http://archive.ubuntu.com/ubuntu/ trusty/main libnfsidmap2 amd64 0.25-5 [32.2 kB]
==> default: Get:4 http://archive.ubuntu.com/ubuntu/ trusty/main libtirpc1 amd64 0.2.2-5ubuntu2 [71.3 kB]
==> default: Get:5 http://archive.ubuntu.com/ubuntu/ trusty-updates/main rpcbind amd64 0.2.1-2ubuntu2.2 [37.1 kB]
==> default: Get:6 http://archive.ubuntu.com/ubuntu/ trusty-updates/main nfs-common amd64 1:1.2.8-6ubuntu1.1 [182 kB]
==> default: Get:7 http://archive.ubuntu.com/ubuntu/ trusty-updates/main nfs-kernel-server amd64 1:1.2.8-6ubuntu1.1 [85.6 kB]
==> default: dpkg-preconfigure: unable to re-open stdin: No such file or directory
==> default: Fetched 553 kB in 0s (579 kB/s)
==> default: Selecting previously unselected package libevent-2.0-5:amd64.
==> default: (Reading database ... 60816 files and directories currently installed.)
==> default: Preparing to unpack .../libevent-2.0-5_2.0.21-stable-1ubuntu1.14.04.1_amd64.deb ...
==> default: Unpacking libevent-2.0-5:amd64 (2.0.21-stable-1ubuntu1.14.04.1) ...
==> default: Selecting previously unselected package libgssglue1:amd64.
==> default: Preparing to unpack .../libgssglue1_0.4-2ubuntu1_amd64.deb ...
==> default: Unpacking libgssglue1:amd64 (0.4-2ubuntu1) ...
==> default: Selecting previously unselected package libnfsidmap2:amd64.
==> default: Preparing to unpack .../libnfsidmap2_0.25-5_amd64.deb ...
==> default: Unpacking libnfsidmap2:amd64 (0.25-5) ...
==> default: Selecting previously unselected package libtirpc1:amd64.
==> default: Preparing to unpack .../libtirpc1_0.2.2-5ubuntu2_amd64.deb ...
==> default: Unpacking libtirpc1:amd64 (0.2.2-5ubuntu2) ...
==> default: Selecting previously unselected package rpcbind.
==> default: Preparing to unpack .../rpcbind_0.2.1-2ubuntu2.2_amd64.deb ...
==> default: Unpacking rpcbind (0.2.1-2ubuntu2.2) ...
==> default: Selecting previously unselected package nfs-common.
==> default: Preparing to unpack .../nfs-common_1%3a1.2.8-6ubuntu1.1_amd64.deb ...
==> default: Unpacking nfs-common (1:1.2.8-6ubuntu1.1) ...
==> default: Selecting previously unselected package nfs-kernel-server.
==> default: Preparing to unpack .../nfs-kernel-server_1%3a1.2.8-6ubuntu1.1_amd64.deb ...
==> default: Unpacking nfs-kernel-server (1:1.2.8-6ubuntu1.1) ...
==> default: Processing triggers for man-db (2.6.7.1-1ubuntu1) ...
==> default: Processing triggers for ureadahead (0.100.0-16) ...
==> default: Setting up libevent-2.0-5:amd64 (2.0.21-stable-1ubuntu1.14.04.1) ...
==> default: Setting up libgssglue1:amd64 (0.4-2ubuntu1) ...
==> default: Setting up libnfsidmap2:amd64 (0.25-5) ...
==> default: Setting up libtirpc1:amd64 (0.2.2-5ubuntu2) ...
==> default: Setting up rpcbind (0.2.1-2ubuntu2.2) ...
==> default:  Removing any system startup links for /etc/init.d/rpcbind ...
==> default: rpcbind start/running, process 4718
==> default: Processing triggers for ureadahead (0.100.0-16) ...
==> default: Setting up nfs-common (1:1.2.8-6ubuntu1.1) ...
==> default: Creating config file /etc/idmapd.conf with new version
==> default: Creating config file /etc/default/nfs-common with new version
==> default: Adding system user `statd' (UID 105) ...
==> default: Adding new user `statd' (UID 105) with group `nogroup' ...
==> default: Not creating home directory `/var/lib/nfs'.
==> default: statd start/running, process 4951
==> default: gssd stop/pre-start, process 4985
==> default: idmapd start/running, process 5034
==> default: Processing triggers for ureadahead (0.100.0-16) ...
==> default: Setting up nfs-kernel-server (1:1.2.8-6ubuntu1.1) ...
==> default: Creating config file /etc/exports with new version
==> default: Creating config file /etc/default/nfs-kernel-server with new version
==> default:  * Not starting NFS kernel daemon: no exports.
==> default: Processing triggers for libc-bin (2.19-0ubuntu6.6) ...
==> default: Processing triggers for ureadahead (0.100.0-16) ...
==> default: Running provisioner: shell...
    default: Running: /var/folders/kl/p_96mxr96qb65ysrky9_23jm0000gn/T/vagrant-shell20151011-4743-2104a9.sh
==> default: stdin: is not a tty
==> default: + 
==> default: uname
==> default:  -n
==> default: + 
==> default: HOST=trustytahr-xen
==> default: + 
==> default: apt-get
==> default:  install
==> default:  -y
==> default:  bridge-utils
==> default:  xen-tools
==> default: Reading package lists...
==> default: Building dependency tree...
==> default: Reading state information...
==> default: The following extra packages will be installed:
==> default:   acl cpu-checker debootstrap debugedit gawk ipxe-qemu libaio1 libasound2
==> default:   libasound2-data libasyncns0 libauthen-sasl-perl libbluetooth3
==> default:   libboost-system1.54.0 libboost-thread1.54.0 libbrlapi0.6 libcaca0
==> default:   libconfig-inifiles-perl libdata-validate-domain-perl
==> default:   libdata-validate-ip-perl libdata-validate-uri-perl libencode-locale-perl
==> default:   libexpect-perl libfdt1 libfile-listing-perl libfile-slurp-perl
==> default:   libfile-which-perl libflac8 libfont-afm-perl libhtml-form-perl
==> default:   libhtml-format-perl libhtml-parser-perl libhtml-tagset-perl
==> default:   libhtml-tree-perl libhttp-cookies-perl libhttp-daemon-perl libhttp-date-perl
==> default:   libhttp-message-perl libhttp-negotiate-perl libio-html-perl libio-pty-perl
==> default:   libio-socket-inet6-perl libio-socket-ssl-perl libio-stty-perl libjpeg-turbo8
==> default:   libjpeg8 liblist-moreutils-perl liblua5.2-0 liblwp-mediatypes-perl
==> default:   liblwp-protocol-https-perl libmailtools-perl libnet-domain-tld-perl
==> default:   libnet-http-perl libnet-ipv6addr-perl libnet-netmask-perl
==> default:   libnet-smtp-ssl-perl libnet-ssleay-perl libnetaddr-ip-perl
==> default:   libnetwork-ipv4addr-perl libnspr4 libnss3 libnss3-nssdb libogg0
==> default:   libpixman-1-0 libpulse0 librados2 librbd1 librpm3 librpmbuild3 librpmio3
==> default:   librpmsign1 libsdl1.2debian libseccomp2 libsndfile1 libsocket6-perl
==> default:   libspice-server1 libterm-size-perl libtext-template-perl liburi-perl
==> default:   libusbredirparser1 libvorbis0a libvorbisenc2 libwww-perl
==> default:   libwww-robotrules-perl libxen-4.4 libxenstore3.0 libyajl2 msr-tools
==> default:   qemu-keymaps qemu-system-common qemu-system-x86 qemu-utils rinse rpm
==> default:   rpm-common rpm2cpio seabios sharutils xen-hypervisor-4.4-amd64 xen-utils-4.4
==> default:   xen-utils-common xenstore-utils
==> default: Suggested packages:
==> default:   rpm-i18n gawk-doc libasound2-plugins alsa-utils libdigest-hmac-perl
==> default:   libgssapi-perl libdata-dump-perl libcrypt-ssleay-perl pulseaudio
==> default:   libauthen-ntlm-perl samba vde2 sgabios kvm-ipxe-precise alien elfutils
==> default:   bsd-mailx mailx btrfs-tools cfengine2 reiserfsprogs xfsprogs
==> default: Recommended packages:
==> default:   xen-hypervisor-amd64 xen-hypervisor-i386 xen-hypervisor-i386-pae xen-utils
==> default:   xen-hypervisor-4.4
==> default: The following NEW packages will be installed:
==> default:   acl bridge-utils cpu-checker debootstrap debugedit gawk ipxe-qemu libaio1
==> default:   libasound2 libasound2-data libasyncns0 libauthen-sasl-perl libbluetooth3
==> default:   libboost-system1.54.0 libboost-thread1.54.0 libbrlapi0.6 libcaca0
==> default:   libconfig-inifiles-perl libdata-validate-domain-perl
==> default:   libdata-validate-ip-perl libdata-validate-uri-perl libencode-locale-perl
==> default:   libexpect-perl libfdt1 libfile-listing-perl libfile-slurp-perl
==> default:   libfile-which-perl libflac8 libfont-afm-perl libhtml-form-perl
==> default:   libhtml-format-perl libhtml-parser-perl libhtml-tagset-perl
==> default:   libhtml-tree-perl libhttp-cookies-perl libhttp-daemon-perl libhttp-date-perl
==> default:   libhttp-message-perl libhttp-negotiate-perl libio-html-perl libio-pty-perl
==> default:   libio-socket-inet6-perl libio-socket-ssl-perl libio-stty-perl libjpeg-turbo8
==> default:   libjpeg8 liblist-moreutils-perl liblua5.2-0 liblwp-mediatypes-perl
==> default:   liblwp-protocol-https-perl libmailtools-perl libnet-domain-tld-perl
==> default:   libnet-http-perl libnet-ipv6addr-perl libnet-netmask-perl
==> default:   libnet-smtp-ssl-perl libnet-ssleay-perl libnetaddr-ip-perl
==> default:   libnetwork-ipv4addr-perl libnspr4 libnss3 libnss3-nssdb libogg0
==> default:   libpixman-1-0 libpulse0 librados2 librbd1 librpm3 librpmbuild3 librpmio3
==> default:   librpmsign1 libsdl1.2debian libseccomp2 libsndfile1 libsocket6-perl
==> default:   libspice-server1 libterm-size-perl libtext-template-perl liburi-perl
==> default:   libusbredirparser1 libvorbis0a libvorbisenc2 libwww-perl
==> default:   libwww-robotrules-perl libxen-4.4 libxenstore3.0 libyajl2 msr-tools
==> default:   qemu-keymaps qemu-system-common qemu-system-x86 qemu-utils rinse rpm
==> default:   rpm-common rpm2cpio seabios sharutils xen-hypervisor-4.4-amd64 xen-tools
==> default:   xen-utils-4.4 xen-utils-common xenstore-utils
==> default: 0 upgraded, 103 newly installed, 0 to remove and 3 not upgraded.
==> default: Need to get 14.7 MB of archives.
==> default: After this operation, 62.6 MB of additional disk space will be used.
==> default: Get:1 http://archive.ubuntu.com/ubuntu/ trusty/main gawk amd64 1:4.0.1+dfsg-2.1ubuntu2 [781 kB]
==> default: Get:2 http://archive.ubuntu.com/ubuntu/ trusty/main libaio1 amd64 0.3.109-4 [6,364 B]
==> default: Get:3 http://archive.ubuntu.com/ubuntu/ trusty/main libasound2-data all 1.0.27.2-3ubuntu7 [26.3 kB]
==> default: Get:4 http://archive.ubuntu.com/ubuntu/ trusty/main libasound2 amd64 1.0.27.2-3ubuntu7 [327 kB]
==> default: Get:5 http://archive.ubuntu.com/ubuntu/ trusty/main libasyncns0 amd64 0.8-4ubuntu2 [11.9 kB]
==> default: Get:6 http://archive.ubuntu.com/ubuntu/ trusty-updates/main libbluetooth3 amd64 4.101-0ubuntu13.1 [53.5 kB]
==> default: Get:7 http://archive.ubuntu.com/ubuntu/ trusty-updates/main libboost-system1.54.0 amd64 1.54.0-4ubuntu3.1 [10.1 kB]
==> default: Get:8 http://archive.ubuntu.com/ubuntu/ trusty-updates/main libboost-thread1.54.0 amd64 1.54.0-4ubuntu3.1 [26.5 kB]
==> default: Get:9 http://archive.ubuntu.com/ubuntu/ trusty/main libcaca0 amd64 0.99.beta18-1ubuntu5 [202 kB]
==> default: Get:10 http://archive.ubuntu.com/ubuntu/ trusty/main libogg0 amd64 1.3.1-1ubuntu1 [17.0 kB]
==> default: Get:11 http://archive.ubuntu.com/ubuntu/ trusty-updates/main libflac8 amd64 1.3.0-2ubuntu0.14.04.1 [80.2 kB]
==> default: Get:12 http://archive.ubuntu.com/ubuntu/ trusty/main libjpeg-turbo8 amd64 1.3.0-0ubuntu2 [104 kB]
==> default: Get:13 http://archive.ubuntu.com/ubuntu/ trusty/main liblua5.2-0 amd64 5.2.3-1 [80.5 kB]
==> default: Get:14 http://archive.ubuntu.com/ubuntu/ trusty-updates/main libnspr4 amd64 2:4.10.7-0ubuntu0.14.04.1 [111 kB]
==> default: Get:15 http://archive.ubuntu.com/ubuntu/ trusty-updates/main libnss3-nssdb all 2:3.19.2-0ubuntu0.14.04.1 [10.6 kB]
==> default: Get:16 http://archive.ubuntu.com/ubuntu/ trusty-updates/main libnss3 amd64 2:3.19.2-0ubuntu0.14.04.1 [1,103 kB]
==> default: Get:17 http://archive.ubuntu.com/ubuntu/ trusty/main libpixman-1-0 amd64 0.30.2-2ubuntu1 [227 kB]
==> default: Get:18 http://archive.ubuntu.com/ubuntu/ trusty/main libvorbis0a amd64 1.3.2-1.3ubuntu1 [87.2 kB]
==> default: Get:19 http://archive.ubuntu.com/ubuntu/ trusty/main libvorbisenc2 amd64 1.3.2-1.3ubuntu1 [84.5 kB]
==> default: Get:20 http://archive.ubuntu.com/ubuntu/ trusty/main libsndfile1 amd64 1.0.25-7ubuntu2 [136 kB]
==> default: Get:21 http://archive.ubuntu.com/ubuntu/ trusty-updates/main libpulse0 amd64 1:4.0-0ubuntu11.1 [225 kB]
==> default: Get:22 http://archive.ubuntu.com/ubuntu/ trusty-updates/main librados2 amd64 0.80.10-0ubuntu1.14.04.2 [1,428 kB]
==> default: Get:23 http://archive.ubuntu.com/ubuntu/ trusty-updates/main librbd1 amd64 0.80.10-0ubuntu1.14.04.2 [319 kB]
==> default: Get:24 http://archive.ubuntu.com/ubuntu/ trusty-updates/main libsdl1.2debian amd64 1.2.15-8ubuntu1.1 [162 kB]
==> default: Get:25 http://archive.ubuntu.com/ubuntu/ trusty/main libseccomp2 amd64 2.1.0+dfsg-1 [34.8 kB]
==> default: Get:26 http://archive.ubuntu.com/ubuntu/ trusty/main libjpeg8 amd64 8c-2ubuntu8 [2,194 B]
==> default: Get:27 http://archive.ubuntu.com/ubuntu/ trusty-updates/main libspice-server1 amd64 0.12.4-0nocelt2ubuntu1.2 [322 kB]
==> default: Get:28 http://archive.ubuntu.com/ubuntu/ trusty-updates/main libusbredirparser1 amd64 0.6-2ubuntu1.1 [13.3 kB]
==> default: Get:29 http://archive.ubuntu.com/ubuntu/ trusty/main acl amd64 2.2.52-1 [43.8 kB]
==> default: Get:30 http://archive.ubuntu.com/ubuntu/ trusty-updates/main qemu-system-common amd64 2.0.0+dfsg-2ubuntu1.19 [157 kB]
==> default: Get:31 http://archive.ubuntu.com/ubuntu/ trusty/main libbrlapi0.6 amd64 5.0-2ubuntu2 [20.9 kB]
==> default: Get:32 http://archive.ubuntu.com/ubuntu/ trusty/main libfdt1 amd64 1.4.0+dfsg-1 [15.7 kB]
==> default: Get:33 http://archive.ubuntu.com/ubuntu/ trusty/main libyajl2 amd64 2.0.4-4 [20.8 kB]
==> default: Get:34 http://archive.ubuntu.com/ubuntu/ trusty/main bridge-utils amd64 1.5-6ubuntu2 [29.2 kB]
==> default: Get:35 http://archive.ubuntu.com/ubuntu/ trusty/main msr-tools amd64 1.3-2 [10.6 kB]
==> default: Get:36 http://archive.ubuntu.com/ubuntu/ trusty/main cpu-checker amd64 0.7-0ubuntu4 [6,834 B]
==> default: Get:37 http://archive.ubuntu.com/ubuntu/ trusty-updates/main librpmio3 amd64 4.11.1-3ubuntu0.1 [68.6 kB]
==> default: Get:38 http://archive.ubuntu.com/ubuntu/ trusty-updates/main debugedit amd64 4.11.1-3ubuntu0.1 [15.6 kB]
==> default: Get:39 http://archive.ubuntu.com/ubuntu/ trusty-updates/main ipxe-qemu all 1.0.0+git-20131111.c3d1e78-2ubuntu1.1 [510 kB]
==> default: Get:40 http://archive.ubuntu.com/ubuntu/ trusty/main libnet-domain-tld-perl all 1.70-1 [12.4 kB]
==> default: Get:41 http://archive.ubuntu.com/ubuntu/ trusty/universe libdata-validate-domain-perl all 0.10-1 [11.0 kB]
==> default: Get:42 http://archive.ubuntu.com/ubuntu/ trusty/universe libnetwork-ipv4addr-perl all 0.10.ds-2 [14.0 kB]
==> default: Get:43 http://archive.ubuntu.com/ubuntu/ trusty/universe libnet-ipv6addr-perl all 0.2.dfsg.1-3 [10.2 kB]
==> default: Get:44 http://archive.ubuntu.com/ubuntu/ trusty/universe libnet-netmask-perl all 1.9016-1 [23.8 kB]
==> default: Get:45 http://archive.ubuntu.com/ubuntu/ trusty/main libnetaddr-ip-perl amd64 4.071+dfsg-1 [84.3 kB]
==> default: Get:46 http://archive.ubuntu.com/ubuntu/ trusty/universe libdata-validate-ip-perl all 0.22-1 [13.3 kB]
==> default: Get:47 http://archive.ubuntu.com/ubuntu/ trusty/universe libdata-validate-uri-perl all 0.06-1 [11.3 kB]
==> default: Get:48 http://archive.ubuntu.com/ubuntu/ trusty/main libencode-locale-perl all 1.03-1 [12.4 kB]
==> default: Get:49 http://archive.ubuntu.com/ubuntu/ trusty/universe libio-stty-perl all 0.03-1 [18.2 kB]
==> default: Get:50 http://archive.ubuntu.com/ubuntu/ trusty/main libio-pty-perl amd64 1:1.08-1build4 [36.9 kB]
==> default: Get:51 http://archive.ubuntu.com/ubuntu/ trusty/universe libexpect-perl all 1.21-1 [75.9 kB]
==> default: Get:52 http://archive.ubuntu.com/ubuntu/ trusty/main libhttp-date-perl all 6.02-1 [10.4 kB]
==> default: Get:53 http://archive.ubuntu.com/ubuntu/ trusty/main libfile-listing-perl all 6.04-1 [9,774 B]
==> default: Get:54 http://archive.ubuntu.com/ubuntu/ trusty/main libfile-which-perl all 1.09-1 [11.6 kB]
==> default: Get:55 http://archive.ubuntu.com/ubuntu/ trusty/main libfont-afm-perl all 1.20-1 [14.3 kB]
==> default: Get:56 http://archive.ubuntu.com/ubuntu/ trusty/main liburi-perl all 1.60-1 [89.6 kB]
==> default: Get:57 http://archive.ubuntu.com/ubuntu/ trusty/main libhtml-tagset-perl all 3.20-2 [13.5 kB]
==> default: Get:58 http://archive.ubuntu.com/ubuntu/ trusty/main libhtml-parser-perl amd64 3.71-1build1 [98.2 kB]
==> default: Get:59 http://archive.ubuntu.com/ubuntu/ trusty/main libio-html-perl all 1.00-1 [15.7 kB]
==> default: Get:60 http://archive.ubuntu.com/ubuntu/ trusty/main liblwp-mediatypes-perl all 6.02-1 [21.7 kB]
==> default: Get:61 http://archive.ubuntu.com/ubuntu/ trusty/main libhttp-message-perl all 6.06-1 [78.7 kB]
==> default: Get:62 http://archive.ubuntu.com/ubuntu/ trusty/main libhtml-form-perl all 6.03-1 [23.5 kB]
==> default: Get:63 http://archive.ubuntu.com/ubuntu/ trusty/main libhtml-tree-perl all 5.03-1 [215 kB]
==> default: Get:64 http://archive.ubuntu.com/ubuntu/ trusty/main libhtml-format-perl all 2.11-1 [44.7 kB]
==> default: Get:65 http://archive.ubuntu.com/ubuntu/ trusty/main libhttp-cookies-perl all 6.00-2 [23.3 kB]
==> default: Get:66 http://archive.ubuntu.com/ubuntu/ trusty/main libhttp-daemon-perl all 6.01-1 [17.0 kB]
==> default: Get:67 http://archive.ubuntu.com/ubuntu/ trusty/main libhttp-negotiate-perl all 6.00-2 [13.4 kB]
==> default: Get:68 http://archive.ubuntu.com/ubuntu/ trusty/main libsocket6-perl amd64 0.25-1 [23.5 kB]
==> default: Get:69 http://archive.ubuntu.com/ubuntu/ trusty/main libio-socket-inet6-perl all 2.71-1 [14.6 kB]
==> default: Get:70 http://archive.ubuntu.com/ubuntu/ trusty/main libnet-ssleay-perl amd64 1.58-1 [243 kB]
==> default: Get:71 http://archive.ubuntu.com/ubuntu/ trusty/main libio-socket-ssl-perl all 1.965-1ubuntu1 [73.7 kB]
==> default: Get:72 http://archive.ubuntu.com/ubuntu/ trusty/main liblist-moreutils-perl amd64 0.33-1build3 [48.5 kB]
==> default: Get:73 http://archive.ubuntu.com/ubuntu/ trusty/main libnet-http-perl all 6.06-1 [24.2 kB]
==> default: Get:74 http://archive.ubuntu.com/ubuntu/ trusty/main libwww-robotrules-perl all 6.01-1 [14.1 kB]
==> default: Get:75 http://archive.ubuntu.com/ubuntu/ trusty/main libwww-perl all 6.05-2 [146 kB]
==> default: Get:76 http://archive.ubuntu.com/ubuntu/ trusty-updates/main liblwp-protocol-https-perl all 6.04-2ubuntu0.1 [7,644 B]
==> default: Get:77 http://archive.ubuntu.com/ubuntu/ trusty/main libnet-smtp-ssl-perl all 1.01-3 [5,948 B]
==> default: Get:78 http://archive.ubuntu.com/ubuntu/ trusty/main libmailtools-perl all 2.12-1 [84.1 kB]
==> default: Get:79 http://archive.ubuntu.com/ubuntu/ trusty-updates/main librpm3 amd64 4.11.1-3ubuntu0.1 [153 kB]
==> default: Get:80 http://archive.ubuntu.com/ubuntu/ trusty-updates/main librpmbuild3 amd64 4.11.1-3ubuntu0.1 [56.3 kB]
==> default: Get:81 http://archive.ubuntu.com/ubuntu/ trusty-updates/main librpmsign1 amd64 4.11.1-3ubuntu0.1 [7,890 B]
==> default: Get:82 http://archive.ubuntu.com/ubuntu/ trusty/main libterm-size-perl amd64 0.207-1build1 [11.1 kB]
==> default: Get:83 http://archive.ubuntu.com/ubuntu/ trusty-updates/main libxenstore3.0 amd64 4.4.2-0ubuntu0.14.04.2 [19.1 kB]
==> default: Get:84 http://archive.ubuntu.com/ubuntu/ trusty-updates/main libxen-4.4 amd64 4.4.2-0ubuntu0.14.04.2 [273 kB]
==> default: Get:85 http://archive.ubuntu.com/ubuntu/ trusty-updates/main qemu-keymaps all 2.0.0+dfsg-2ubuntu1.19 [20.1 kB]
==> default: Get:86 http://archive.ubuntu.com/ubuntu/ trusty/main seabios all 1.7.4-4 [108 kB]
==> default: Get:87 http://archive.ubuntu.com/ubuntu/ trusty-updates/main qemu-system-x86 amd64 2.0.0+dfsg-2ubuntu1.19 [1,944 kB]
==> default: Get:88 http://archive.ubuntu.com/ubuntu/ trusty-updates/main qemu-utils amd64 2.0.0+dfsg-2ubuntu1.19 [412 kB]
==> default: Get:89 http://archive.ubuntu.com/ubuntu/ trusty-updates/main rpm-common amd64 4.11.1-3ubuntu0.1 [21.5 kB]
==> default: Get:90 http://archive.ubuntu.com/ubuntu/ trusty-updates/main rpm2cpio amd64 4.11.1-3ubuntu0.1 [5,142 B]
==> default: Get:91 http://archive.ubuntu.com/ubuntu/ trusty-updates/main rpm amd64 4.11.1-3ubuntu0.1 [114 kB]
==> default: Get:92 http://archive.ubuntu.com/ubuntu/ trusty/main sharutils amd64 1:4.14-1ubuntu1 [145 kB]
==> default: Get:93 http://archive.ubuntu.com/ubuntu/ trusty-updates/universe xen-hypervisor-4.4-amd64 amd64 4.4.2-0ubuntu0.14.04.2 [858 kB]
==> default: Get:94 http://archive.ubuntu.com/ubuntu/ trusty-updates/universe xenstore-utils amd64 4.4.2-0ubuntu0.14.04.2 [11.3 kB]
==> default: Get:95 http://archive.ubuntu.com/ubuntu/ trusty-updates/universe xen-utils-common all 4.4.2-0ubuntu0.14.04.2 [111 kB]
==> default: Get:96 http://archive.ubuntu.com/ubuntu/ trusty-updates/universe xen-utils-4.4 amd64 4.4.2-0ubuntu0.14.04.2 [1,474 kB]
==> default: Get:97 http://archive.ubuntu.com/ubuntu/ trusty-updates/main debootstrap all 1.0.59ubuntu0.3 [29.8 kB]
==> default: Get:98 http://archive.ubuntu.com/ubuntu/ trusty/main libauthen-sasl-perl all 2.1500-1 [53.2 kB]
==> default: Get:99 http://archive.ubuntu.com/ubuntu/ trusty/main libconfig-inifiles-perl all 2.82-1 [40.0 kB]
==> default: Get:100 http://archive.ubuntu.com/ubuntu/ trusty/main libfile-slurp-perl all 9999.19-4 [41.3 kB]
==> default: Get:101 http://archive.ubuntu.com/ubuntu/ trusty/main libtext-template-perl all 1.46-1 [51.5 kB]
==> default: Get:102 http://archive.ubuntu.com/ubuntu/ trusty/universe rinse all 2.0.1-1 [23.6 kB]
==> default: Get:103 http://archive.ubuntu.com/ubuntu/ trusty/universe xen-tools all 4.4-1 [124 kB]
==> default: dpkg-preconfigure: unable to re-open stdin: No such file or directory
==> default: Fetched 14.7 MB in 13s (1,067 kB/s)
==> default: Selecting previously unselected package gawk.
==> default: (Reading database ... 60953 files and directories currently installed.)
==> default: Preparing to unpack .../gawk_1%3a4.0.1+dfsg-2.1ubuntu2_amd64.deb ...
==> default: Unpacking gawk (1:4.0.1+dfsg-2.1ubuntu2) ...
==> default: Selecting previously unselected package libaio1:amd64.
==> default: Preparing to unpack .../libaio1_0.3.109-4_amd64.deb ...
==> default: Unpacking libaio1:amd64 (0.3.109-4) ...
==> default: Selecting previously unselected package libasound2-data.
==> default: Preparing to unpack .../libasound2-data_1.0.27.2-3ubuntu7_all.deb ...
==> default: Unpacking libasound2-data (1.0.27.2-3ubuntu7) ...
==> default: Selecting previously unselected package libasound2:amd64.
==> default: Preparing to unpack .../libasound2_1.0.27.2-3ubuntu7_amd64.deb ...
==> default: Unpacking libasound2:amd64 (1.0.27.2-3ubuntu7) ...
==> default: Selecting previously unselected package libasyncns0:amd64.
==> default: Preparing to unpack .../libasyncns0_0.8-4ubuntu2_amd64.deb ...
==> default: Unpacking libasyncns0:amd64 (0.8-4ubuntu2) ...
==> default: Selecting previously unselected package libbluetooth3:amd64.
==> default: Preparing to unpack .../libbluetooth3_4.101-0ubuntu13.1_amd64.deb ...
==> default: Unpacking libbluetooth3:amd64 (4.101-0ubuntu13.1) ...
==> default: Selecting previously unselected package libboost-system1.54.0:amd64.
==> default: Preparing to unpack .../libboost-system1.54.0_1.54.0-4ubuntu3.1_amd64.deb ...
==> default: Unpacking libboost-system1.54.0:amd64 (1.54.0-4ubuntu3.1) ...
==> default: Selecting previously unselected package libboost-thread1.54.0:amd64.
==> default: Preparing to unpack .../libboost-thread1.54.0_1.54.0-4ubuntu3.1_amd64.deb ...
==> default: Unpacking libboost-thread1.54.0:amd64 (1.54.0-4ubuntu3.1) ...
==> default: Selecting previously unselected package libcaca0:amd64.
==> default: Preparing to unpack .../libcaca0_0.99.beta18-1ubuntu5_amd64.deb ...
==> default: Unpacking libcaca0:amd64 (0.99.beta18-1ubuntu5) ...
==> default: Selecting previously unselected package libogg0:amd64.
==> default: Preparing to unpack .../libogg0_1.3.1-1ubuntu1_amd64.deb ...
==> default: Unpacking libogg0:amd64 (1.3.1-1ubuntu1) ...
==> default: Selecting previously unselected package libflac8:amd64.
==> default: Preparing to unpack .../libflac8_1.3.0-2ubuntu0.14.04.1_amd64.deb ...
==> default: Unpacking libflac8:amd64 (1.3.0-2ubuntu0.14.04.1) ...
==> default: Selecting previously unselected package libjpeg-turbo8:amd64.
==> default: Preparing to unpack .../libjpeg-turbo8_1.3.0-0ubuntu2_amd64.deb ...
==> default: Unpacking libjpeg-turbo8:amd64 (1.3.0-0ubuntu2) ...
==> default: Selecting previously unselected package liblua5.2-0:amd64.
==> default: Preparing to unpack .../liblua5.2-0_5.2.3-1_amd64.deb ...
==> default: Unpacking liblua5.2-0:amd64 (5.2.3-1) ...
==> default: Selecting previously unselected package libnspr4:amd64.
==> default: Preparing to unpack .../libnspr4_2%3a4.10.7-0ubuntu0.14.04.1_amd64.deb ...
==> default: Unpacking libnspr4:amd64 (2:4.10.7-0ubuntu0.14.04.1) ...
==> default: Selecting previously unselected package libnss3-nssdb.
==> default: Preparing to unpack .../libnss3-nssdb_2%3a3.19.2-0ubuntu0.14.04.1_all.deb ...
==> default: Unpacking libnss3-nssdb (2:3.19.2-0ubuntu0.14.04.1) ...
==> default: Selecting previously unselected package libnss3:amd64.
==> default: Preparing to unpack .../libnss3_2%3a3.19.2-0ubuntu0.14.04.1_amd64.deb ...
==> default: Unpacking libnss3:amd64 (2:3.19.2-0ubuntu0.14.04.1) ...
==> default: Selecting previously unselected package libpixman-1-0:amd64.
==> default: Preparing to unpack .../libpixman-1-0_0.30.2-2ubuntu1_amd64.deb ...
==> default: Unpacking libpixman-1-0:amd64 (0.30.2-2ubuntu1) ...
==> default: Selecting previously unselected package libvorbis0a:amd64.
==> default: Preparing to unpack .../libvorbis0a_1.3.2-1.3ubuntu1_amd64.deb ...
==> default: Unpacking libvorbis0a:amd64 (1.3.2-1.3ubuntu1) ...
==> default: Selecting previously unselected package libvorbisenc2:amd64.
==> default: Preparing to unpack .../libvorbisenc2_1.3.2-1.3ubuntu1_amd64.deb ...
==> default: Unpacking libvorbisenc2:amd64 (1.3.2-1.3ubuntu1) ...
==> default: Selecting previously unselected package libsndfile1:amd64.
==> default: Preparing to unpack .../libsndfile1_1.0.25-7ubuntu2_amd64.deb ...
==> default: Unpacking libsndfile1:amd64 (1.0.25-7ubuntu2) ...
==> default: Selecting previously unselected package libpulse0:amd64.
==> default: Preparing to unpack .../libpulse0_1%3a4.0-0ubuntu11.1_amd64.deb ...
==> default: Unpacking libpulse0:amd64 (1:4.0-0ubuntu11.1) ...
==> default: Selecting previously unselected package librados2.
==> default: Preparing to unpack .../librados2_0.80.10-0ubuntu1.14.04.2_amd64.deb ...
==> default: Unpacking librados2 (0.80.10-0ubuntu1.14.04.2) ...
==> default: Selecting previously unselected package librbd1.
==> default: Preparing to unpack .../librbd1_0.80.10-0ubuntu1.14.04.2_amd64.deb ...
==> default: Unpacking librbd1 (0.80.10-0ubuntu1.14.04.2) ...
==> default: Selecting previously unselected package libsdl1.2debian:amd64.
==> default: Preparing to unpack .../libsdl1.2debian_1.2.15-8ubuntu1.1_amd64.deb ...
==> default: Unpacking libsdl1.2debian:amd64 (1.2.15-8ubuntu1.1) ...
==> default: Selecting previously unselected package libseccomp2:amd64.
==> default: Preparing to unpack .../libseccomp2_2.1.0+dfsg-1_amd64.deb ...
==> default: Unpacking libseccomp2:amd64 (2.1.0+dfsg-1) ...
==> default: Selecting previously unselected package libjpeg8:amd64.
==> default: Preparing to unpack .../libjpeg8_8c-2ubuntu8_amd64.deb ...
==> default: Unpacking libjpeg8:amd64 (8c-2ubuntu8) ...
==> default: Selecting previously unselected package libspice-server1:amd64.
==> default: Preparing to unpack .../libspice-server1_0.12.4-0nocelt2ubuntu1.2_amd64.deb ...
==> default: Unpacking libspice-server1:amd64 (0.12.4-0nocelt2ubuntu1.2) ...
==> default: Selecting previously unselected package libusbredirparser1:amd64.
==> default: Preparing to unpack .../libusbredirparser1_0.6-2ubuntu1.1_amd64.deb ...
==> default: Unpacking libusbredirparser1:amd64 (0.6-2ubuntu1.1) ...
==> default: Selecting previously unselected package acl.
==> default: Preparing to unpack .../acl_2.2.52-1_amd64.deb ...
==> default: Unpacking acl (2.2.52-1) ...
==> default: Selecting previously unselected package qemu-system-common.
==> default: Preparing to unpack .../qemu-system-common_2.0.0+dfsg-2ubuntu1.19_amd64.deb ...
==> default: Unpacking qemu-system-common (2.0.0+dfsg-2ubuntu1.19) ...
==> default: Selecting previously unselected package libbrlapi0.6:amd64.
==> default: Preparing to unpack .../libbrlapi0.6_5.0-2ubuntu2_amd64.deb ...
==> default: Unpacking libbrlapi0.6:amd64 (5.0-2ubuntu2) ...
==> default: Selecting previously unselected package libfdt1:amd64.
==> default: Preparing to unpack .../libfdt1_1.4.0+dfsg-1_amd64.deb ...
==> default: Unpacking libfdt1:amd64 (1.4.0+dfsg-1) ...
==> default: Selecting previously unselected package libyajl2:amd64.
==> default: Preparing to unpack .../libyajl2_2.0.4-4_amd64.deb ...
==> default: Unpacking libyajl2:amd64 (2.0.4-4) ...
==> default: Selecting previously unselected package bridge-utils.
==> default: Preparing to unpack .../bridge-utils_1.5-6ubuntu2_amd64.deb ...
==> default: Unpacking bridge-utils (1.5-6ubuntu2) ...
==> default: Selecting previously unselected package msr-tools.
==> default: Preparing to unpack .../msr-tools_1.3-2_amd64.deb ...
==> default: Unpacking msr-tools (1.3-2) ...
==> default: Selecting previously unselected package cpu-checker.
==> default: Preparing to unpack .../cpu-checker_0.7-0ubuntu4_amd64.deb ...
==> default: Unpacking cpu-checker (0.7-0ubuntu4) ...
==> default: Selecting previously unselected package librpmio3.
==> default: Preparing to unpack .../librpmio3_4.11.1-3ubuntu0.1_amd64.deb ...
==> default: Unpacking librpmio3 (4.11.1-3ubuntu0.1) ...
==> default: Selecting previously unselected package debugedit.
==> default: Preparing to unpack .../debugedit_4.11.1-3ubuntu0.1_amd64.deb ...
==> default: Unpacking debugedit (4.11.1-3ubuntu0.1) ...
==> default: Selecting previously unselected package ipxe-qemu.
==> default: Preparing to unpack .../ipxe-qemu_1.0.0+git-20131111.c3d1e78-2ubuntu1.1_all.deb ...
==> default: Unpacking ipxe-qemu (1.0.0+git-20131111.c3d1e78-2ubuntu1.1) ...
==> default: Selecting previously unselected package libnet-domain-tld-perl.
==> default: Preparing to unpack .../libnet-domain-tld-perl_1.70-1_all.deb ...
==> default: Unpacking libnet-domain-tld-perl (1.70-1) ...
==> default: Selecting previously unselected package libdata-validate-domain-perl.
==> default: Preparing to unpack .../libdata-validate-domain-perl_0.10-1_all.deb ...
==> default: Unpacking libdata-validate-domain-perl (0.10-1) ...
==> default: Selecting previously unselected package libnetwork-ipv4addr-perl.
==> default: Preparing to unpack .../libnetwork-ipv4addr-perl_0.10.ds-2_all.deb ...
==> default: Unpacking libnetwork-ipv4addr-perl (0.10.ds-2) ...
==> default: Selecting previously unselected package libnet-ipv6addr-perl.
==> default: Preparing to unpack .../libnet-ipv6addr-perl_0.2.dfsg.1-3_all.deb ...
==> default: Unpacking libnet-ipv6addr-perl (0.2.dfsg.1-3) ...
==> default: Selecting previously unselected package libnet-netmask-perl.
==> default: Preparing to unpack .../libnet-netmask-perl_1.9016-1_all.deb ...
==> default: Unpacking libnet-netmask-perl (1.9016-1) ...
==> default: Selecting previously unselected package libnetaddr-ip-perl.
==> default: Preparing to unpack .../libnetaddr-ip-perl_4.071+dfsg-1_amd64.deb ...
==> default: Unpacking libnetaddr-ip-perl (4.071+dfsg-1) ...
==> default: Selecting previously unselected package libdata-validate-ip-perl.
==> default: Preparing to unpack .../libdata-validate-ip-perl_0.22-1_all.deb ...
==> default: Unpacking libdata-validate-ip-perl (0.22-1) ...
==> default: Selecting previously unselected package libdata-validate-uri-perl.
==> default: Preparing to unpack .../libdata-validate-uri-perl_0.06-1_all.deb ...
==> default: Unpacking libdata-validate-uri-perl (0.06-1) ...
==> default: Selecting previously unselected package libencode-locale-perl.
==> default: Preparing to unpack .../libencode-locale-perl_1.03-1_all.deb ...
==> default: Unpacking libencode-locale-perl (1.03-1) ...
==> default: Selecting previously unselected package libio-stty-perl.
==> default: Preparing to unpack .../libio-stty-perl_0.03-1_all.deb ...
==> default: Unpacking libio-stty-perl (0.03-1) ...
==> default: Selecting previously unselected package libio-pty-perl.
==> default: Preparing to unpack .../libio-pty-perl_1%3a1.08-1build4_amd64.deb ...
==> default: Unpacking libio-pty-perl (1:1.08-1build4) ...
==> default: Selecting previously unselected package libexpect-perl.
==> default: Preparing to unpack .../libexpect-perl_1.21-1_all.deb ...
==> default: Unpacking libexpect-perl (1.21-1) ...
==> default: Selecting previously unselected package libhttp-date-perl.
==> default: Preparing to unpack .../libhttp-date-perl_6.02-1_all.deb ...
==> default: Unpacking libhttp-date-perl (6.02-1) ...
==> default: Selecting previously unselected package libfile-listing-perl.
==> default: Preparing to unpack .../libfile-listing-perl_6.04-1_all.deb ...
==> default: Unpacking libfile-listing-perl (6.04-1) ...
==> default: Selecting previously unselected package libfile-which-perl.
==> default: Preparing to unpack .../libfile-which-perl_1.09-1_all.deb ...
==> default: Unpacking libfile-which-perl (1.09-1) ...
==> default: Selecting previously unselected package libfont-afm-perl.
==> default: Preparing to unpack .../libfont-afm-perl_1.20-1_all.deb ...
==> default: Unpacking libfont-afm-perl (1.20-1) ...
==> default: Selecting previously unselected package liburi-perl.
==> default: Preparing to unpack .../liburi-perl_1.60-1_all.deb ...
==> default: Unpacking liburi-perl (1.60-1) ...
==> default: Selecting previously unselected package libhtml-tagset-perl.
==> default: Preparing to unpack .../libhtml-tagset-perl_3.20-2_all.deb ...
==> default: Unpacking libhtml-tagset-perl (3.20-2) ...
==> default: Selecting previously unselected package libhtml-parser-perl.
==> default: Preparing to unpack .../libhtml-parser-perl_3.71-1build1_amd64.deb ...
==> default: Unpacking libhtml-parser-perl (3.71-1build1) ...
==> default: Selecting previously unselected package libio-html-perl.
==> default: Preparing to unpack .../libio-html-perl_1.00-1_all.deb ...
==> default: Unpacking libio-html-perl (1.00-1) ...
==> default: Selecting previously unselected package liblwp-mediatypes-perl.
==> default: Preparing to unpack .../liblwp-mediatypes-perl_6.02-1_all.deb ...
==> default: Unpacking liblwp-mediatypes-perl (6.02-1) ...
==> default: Selecting previously unselected package libhttp-message-perl.
==> default: Preparing to unpack .../libhttp-message-perl_6.06-1_all.deb ...
==> default: Unpacking libhttp-message-perl (6.06-1) ...
==> default: Selecting previously unselected package libhtml-form-perl.
==> default: Preparing to unpack .../libhtml-form-perl_6.03-1_all.deb ...
==> default: Unpacking libhtml-form-perl (6.03-1) ...
==> default: Selecting previously unselected package libhtml-tree-perl.
==> default: Preparing to unpack .../libhtml-tree-perl_5.03-1_all.deb ...
==> default: Unpacking libhtml-tree-perl (5.03-1) ...
==> default: Selecting previously unselected package libhtml-format-perl.
==> default: Preparing to unpack .../libhtml-format-perl_2.11-1_all.deb ...
==> default: Unpacking libhtml-format-perl (2.11-1) ...
==> default: Selecting previously unselected package libhttp-cookies-perl.
==> default: Preparing to unpack .../libhttp-cookies-perl_6.00-2_all.deb ...
==> default: Unpacking libhttp-cookies-perl (6.00-2) ...
==> default: Selecting previously unselected package libhttp-daemon-perl.
==> default: Preparing to unpack .../libhttp-daemon-perl_6.01-1_all.deb ...
==> default: Unpacking libhttp-daemon-perl (6.01-1) ...
==> default: Selecting previously unselected package libhttp-negotiate-perl.
==> default: Preparing to unpack .../libhttp-negotiate-perl_6.00-2_all.deb ...
==> default: Unpacking libhttp-negotiate-perl (6.00-2) ...
==> default: Selecting previously unselected package libsocket6-perl.
==> default: Preparing to unpack .../libsocket6-perl_0.25-1_amd64.deb ...
==> default: Unpacking libsocket6-perl (0.25-1) ...
==> default: Selecting previously unselected package libio-socket-inet6-perl.
==> default: Preparing to unpack .../libio-socket-inet6-perl_2.71-1_all.deb ...
==> default: Unpacking libio-socket-inet6-perl (2.71-1) ...
==> default: Selecting previously unselected package libnet-ssleay-perl.
==> default: Preparing to unpack .../libnet-ssleay-perl_1.58-1_amd64.deb ...
==> default: Unpacking libnet-ssleay-perl (1.58-1) ...
==> default: Selecting previously unselected package libio-socket-ssl-perl.
==> default: Preparing to unpack .../libio-socket-ssl-perl_1.965-1ubuntu1_all.deb ...
==> default: Unpacking libio-socket-ssl-perl (1.965-1ubuntu1) ...
==> default: Selecting previously unselected package liblist-moreutils-perl.
==> default: Preparing to unpack .../liblist-moreutils-perl_0.33-1build3_amd64.deb ...
==> default: Unpacking liblist-moreutils-perl (0.33-1build3) ...
==> default: Selecting previously unselected package libnet-http-perl.
==> default: Preparing to unpack .../libnet-http-perl_6.06-1_all.deb ...
==> default: Unpacking libnet-http-perl (6.06-1) ...
==> default: Selecting previously unselected package libwww-robotrules-perl.
==> default: Preparing to unpack .../libwww-robotrules-perl_6.01-1_all.deb ...
==> default: Unpacking libwww-robotrules-perl (6.01-1) ...
==> default: Selecting previously unselected package libwww-perl.
==> default: Preparing to unpack .../libwww-perl_6.05-2_all.deb ...
==> default: Unpacking libwww-perl (6.05-2) ...
==> default: Selecting previously unselected package liblwp-protocol-https-perl.
==> default: Preparing to unpack .../liblwp-protocol-https-perl_6.04-2ubuntu0.1_all.deb ...
==> default: Unpacking liblwp-protocol-https-perl (6.04-2ubuntu0.1) ...
==> default: Selecting previously unselected package libnet-smtp-ssl-perl.
==> default: Preparing to unpack .../libnet-smtp-ssl-perl_1.01-3_all.deb ...
==> default: Unpacking libnet-smtp-ssl-perl (1.01-3) ...
==> default: Selecting previously unselected package libmailtools-perl.
==> default: Preparing to unpack .../libmailtools-perl_2.12-1_all.deb ...
==> default: Unpacking libmailtools-perl (2.12-1) ...
==> default: Selecting previously unselected package librpm3.
==> default: Preparing to unpack .../librpm3_4.11.1-3ubuntu0.1_amd64.deb ...
==> default: Unpacking librpm3 (4.11.1-3ubuntu0.1) ...
==> default: Selecting previously unselected package librpmbuild3.
==> default: Preparing to unpack .../librpmbuild3_4.11.1-3ubuntu0.1_amd64.deb ...
==> default: Unpacking librpmbuild3 (4.11.1-3ubuntu0.1) ...
==> default: Selecting previously unselected package librpmsign1.
==> default: Preparing to unpack .../librpmsign1_4.11.1-3ubuntu0.1_amd64.deb ...
==> default: Unpacking librpmsign1 (4.11.1-3ubuntu0.1) ...
==> default: Selecting previously unselected package libterm-size-perl.
==> default: Preparing to unpack .../libterm-size-perl_0.207-1build1_amd64.deb ...
==> default: Unpacking libterm-size-perl (0.207-1build1) ...
==> default: Selecting previously unselected package libxenstore3.0.
==> default: Preparing to unpack .../libxenstore3.0_4.4.2-0ubuntu0.14.04.2_amd64.deb ...
==> default: Unpacking libxenstore3.0 (4.4.2-0ubuntu0.14.04.2) ...
==> default: Selecting previously unselected package libxen-4.4.
==> default: Preparing to unpack .../libxen-4.4_4.4.2-0ubuntu0.14.04.2_amd64.deb ...
==> default: Unpacking libxen-4.4 (4.4.2-0ubuntu0.14.04.2) ...
==> default: Selecting previously unselected package qemu-keymaps.
==> default: Preparing to unpack .../qemu-keymaps_2.0.0+dfsg-2ubuntu1.19_all.deb ...
==> default: Unpacking qemu-keymaps (2.0.0+dfsg-2ubuntu1.19) ...
==> default: Selecting previously unselected package seabios.
==> default: Preparing to unpack .../seabios_1.7.4-4_all.deb ...
==> default: Unpacking seabios (1.7.4-4) ...
==> default: Selecting previously unselected package qemu-system-x86.
==> default: Preparing to unpack .../qemu-system-x86_2.0.0+dfsg-2ubuntu1.19_amd64.deb ...
==> default: Unpacking qemu-system-x86 (2.0.0+dfsg-2ubuntu1.19) ...
==> default: Selecting previously unselected package qemu-utils.
==> default: Preparing to unpack .../qemu-utils_2.0.0+dfsg-2ubuntu1.19_amd64.deb ...
==> default: Unpacking qemu-utils (2.0.0+dfsg-2ubuntu1.19) ...
==> default: Selecting previously unselected package rpm-common.
==> default: Preparing to unpack .../rpm-common_4.11.1-3ubuntu0.1_amd64.deb ...
==> default: Unpacking rpm-common (4.11.1-3ubuntu0.1) ...
==> default: Selecting previously unselected package rpm2cpio.
==> default: Preparing to unpack .../rpm2cpio_4.11.1-3ubuntu0.1_amd64.deb ...
==> default: Unpacking rpm2cpio (4.11.1-3ubuntu0.1) ...
==> default: Selecting previously unselected package rpm.
==> default: Preparing to unpack .../rpm_4.11.1-3ubuntu0.1_amd64.deb ...
==> default: Unpacking rpm (4.11.1-3ubuntu0.1) ...
==> default: Selecting previously unselected package sharutils.
==> default: Preparing to unpack .../sharutils_1%3a4.14-1ubuntu1_amd64.deb ...
==> default: Unpacking sharutils (1:4.14-1ubuntu1) ...
==> default: Selecting previously unselected package xen-hypervisor-4.4-amd64.
==> default: Preparing to unpack .../xen-hypervisor-4.4-amd64_4.4.2-0ubuntu0.14.04.2_amd64.deb ...
==> default: Unpacking xen-hypervisor-4.4-amd64 (4.4.2-0ubuntu0.14.04.2) ...
==> default: Selecting previously unselected package xenstore-utils.
==> default: Preparing to unpack .../xenstore-utils_4.4.2-0ubuntu0.14.04.2_amd64.deb ...
==> default: Unpacking xenstore-utils (4.4.2-0ubuntu0.14.04.2) ...
==> default: Selecting previously unselected package xen-utils-common.
==> default: Preparing to unpack .../xen-utils-common_4.4.2-0ubuntu0.14.04.2_all.deb ...
==> default: Unpacking xen-utils-common (4.4.2-0ubuntu0.14.04.2) ...
==> default: Selecting previously unselected package xen-utils-4.4.
==> default: Preparing to unpack .../xen-utils-4.4_4.4.2-0ubuntu0.14.04.2_amd64.deb ...
==> default: Unpacking xen-utils-4.4 (4.4.2-0ubuntu0.14.04.2) ...
==> default: Selecting previously unselected package debootstrap.
==> default: Preparing to unpack .../debootstrap_1.0.59ubuntu0.3_all.deb ...
==> default: Unpacking debootstrap (1.0.59ubuntu0.3) ...
==> default: Selecting previously unselected package libauthen-sasl-perl.
==> default: Preparing to unpack .../libauthen-sasl-perl_2.1500-1_all.deb ...
==> default: Unpacking libauthen-sasl-perl (2.1500-1) ...
==> default: Selecting previously unselected package libconfig-inifiles-perl.
==> default: Preparing to unpack .../libconfig-inifiles-perl_2.82-1_all.deb ...
==> default: Unpacking libconfig-inifiles-perl (2.82-1) ...
==> default: Selecting previously unselected package libfile-slurp-perl.
==> default: Preparing to unpack .../libfile-slurp-perl_9999.19-4_all.deb ...
==> default: Unpacking libfile-slurp-perl (9999.19-4) ...
==> default: Selecting previously unselected package libtext-template-perl.
==> default: Preparing to unpack .../libtext-template-perl_1.46-1_all.deb ...
==> default: Unpacking libtext-template-perl (1.46-1) ...
==> default: Selecting previously unselected package rinse.
==> default: Preparing to unpack .../archives/rinse_2.0.1-1_all.deb ...
==> default: Unpacking rinse (2.0.1-1) ...
==> default: Selecting previously unselected package xen-tools.
==> default: Preparing to unpack .../xen-tools_4.4-1_all.deb ...
==> default: Unpacking xen-tools (4.4-1) ...
==> default: Processing triggers for man-db (2.6.7.1-1ubuntu1) ...
==> default: Processing triggers for ureadahead (0.100.0-16) ...
==> default: Processing triggers for install-info (5.2.0.dfsg.1-2) ...
==> default: Processing triggers for initramfs-tools (0.103ubuntu4.2) ...
==> default: update-initramfs: Generating /boot/initrd.img-3.19.0-25-generic
==> default: Setting up gawk (1:4.0.1+dfsg-2.1ubuntu2) ...
==> default: Setting up libaio1:amd64 (0.3.109-4) ...
==> default: Setting up libasound2-data (1.0.27.2-3ubuntu7) ...
==> default: Setting up libasound2:amd64 (1.0.27.2-3ubuntu7) ...
==> default: Setting up libasyncns0:amd64 (0.8-4ubuntu2) ...
==> default: Setting up libbluetooth3:amd64 (4.101-0ubuntu13.1) ...
==> default: Setting up libboost-system1.54.0:amd64 (1.54.0-4ubuntu3.1) ...
==> default: Setting up libboost-thread1.54.0:amd64 (1.54.0-4ubuntu3.1) ...
==> default: Setting up libcaca0:amd64 (0.99.beta18-1ubuntu5) ...
==> default: Setting up libogg0:amd64 (1.3.1-1ubuntu1) ...
==> default: Setting up libflac8:amd64 (1.3.0-2ubuntu0.14.04.1) ...
==> default: Setting up libjpeg-turbo8:amd64 (1.3.0-0ubuntu2) ...
==> default: Setting up liblua5.2-0:amd64 (5.2.3-1) ...
==> default: Setting up libnspr4:amd64 (2:4.10.7-0ubuntu0.14.04.1) ...
==> default: Setting up libpixman-1-0:amd64 (0.30.2-2ubuntu1) ...
==> default: Setting up libvorbis0a:amd64 (1.3.2-1.3ubuntu1) ...
==> default: Setting up libvorbisenc2:amd64 (1.3.2-1.3ubuntu1) ...
==> default: Setting up libsndfile1:amd64 (1.0.25-7ubuntu2) ...
==> default: Setting up libpulse0:amd64 (1:4.0-0ubuntu11.1) ...
==> default: Setting up libsdl1.2debian:amd64 (1.2.15-8ubuntu1.1) ...
==> default: Setting up libseccomp2:amd64 (2.1.0+dfsg-1) ...
==> default: Setting up libjpeg8:amd64 (8c-2ubuntu8) ...
==> default: Setting up libspice-server1:amd64 (0.12.4-0nocelt2ubuntu1.2) ...
==> default: Setting up libusbredirparser1:amd64 (0.6-2ubuntu1.1) ...
==> default: Setting up acl (2.2.52-1) ...
==> default: Setting up qemu-system-common (2.0.0+dfsg-2ubuntu1.19) ...
==> default: Setting up libbrlapi0.6:amd64 (5.0-2ubuntu2) ...
==> default: Setting up libfdt1:amd64 (1.4.0+dfsg-1) ...
==> default: Setting up libyajl2:amd64 (2.0.4-4) ...
==> default: Setting up bridge-utils (1.5-6ubuntu2) ...
==> default: Setting up msr-tools (1.3-2) ...
==> default: Setting up cpu-checker (0.7-0ubuntu4) ...
==> default: Setting up ipxe-qemu (1.0.0+git-20131111.c3d1e78-2ubuntu1.1) ...
==> default: Setting up libnet-domain-tld-perl (1.70-1) ...
==> default: Setting up libdata-validate-domain-perl (0.10-1) ...
==> default: Setting up libnetwork-ipv4addr-perl (0.10.ds-2) ...
==> default: Setting up libnet-ipv6addr-perl (0.2.dfsg.1-3) ...
==> default: Setting up libnet-netmask-perl (1.9016-1) ...
==> default: Setting up libnetaddr-ip-perl (4.071+dfsg-1) ...
==> default: Setting up libdata-validate-ip-perl (0.22-1) ...
==> default: Setting up libdata-validate-uri-perl (0.06-1) ...
==> default: Setting up libencode-locale-perl (1.03-1) ...
==> default: Setting up libio-stty-perl (0.03-1) ...
==> default: Setting up libio-pty-perl (1:1.08-1build4) ...
==> default: Setting up libexpect-perl (1.21-1) ...
==> default: Setting up libhttp-date-perl (6.02-1) ...
==> default: Setting up libfile-listing-perl (6.04-1) ...
==> default: Setting up libfile-which-perl (1.09-1) ...
==> default: Setting up libfont-afm-perl (1.20-1) ...
==> default: Setting up liburi-perl (1.60-1) ...
==> default: Setting up libhtml-tagset-perl (3.20-2) ...
==> default: Setting up libhtml-parser-perl (3.71-1build1) ...
==> default: Setting up libio-html-perl (1.00-1) ...
==> default: Setting up liblwp-mediatypes-perl (6.02-1) ...
==> default: Setting up libhttp-message-perl (6.06-1) ...
==> default: Setting up libhtml-form-perl (6.03-1) ...
==> default: Setting up libhtml-tree-perl (5.03-1) ...
==> default: Setting up libhtml-format-perl (2.11-1) ...
==> default: Setting up libhttp-cookies-perl (6.00-2) ...
==> default: Setting up libhttp-daemon-perl (6.01-1) ...
==> default: Setting up libhttp-negotiate-perl (6.00-2) ...
==> default: Setting up libsocket6-perl (0.25-1) ...
==> default: Setting up libio-socket-inet6-perl (2.71-1) ...
==> default: Setting up libnet-ssleay-perl (1.58-1) ...
==> default: Setting up libio-socket-ssl-perl (1.965-1ubuntu1) ...
==> default: Setting up liblist-moreutils-perl (0.33-1build3) ...
==> default: Setting up libnet-http-perl (6.06-1) ...
==> default: Setting up libwww-robotrules-perl (6.01-1) ...
==> default: Setting up libnet-smtp-ssl-perl (1.01-3) ...
==> default: Setting up libmailtools-perl (2.12-1) ...
==> default: Setting up libterm-size-perl (0.207-1build1) ...
==> default: Setting up libxenstore3.0 (4.4.2-0ubuntu0.14.04.2) ...
==> default: Setting up libxen-4.4 (4.4.2-0ubuntu0.14.04.2) ...
==> default: Setting up qemu-keymaps (2.0.0+dfsg-2ubuntu1.19) ...
==> default: Setting up seabios (1.7.4-4) ...
==> default: Setting up sharutils (1:4.14-1ubuntu1) ...
==> default: Setting up xen-hypervisor-4.4-amd64 (4.4.2-0ubuntu0.14.04.2) ...
==> default: Including Xen overrides from /etc/default/grub.d/xen.cfg
==> default: WARNING: GRUB_DEFAULT changed to boot into Xen by default!
==> default:          Edit /etc/default/grub.d/xen.cfg to avoid this warning.
==> default: Generating grub configuration file ...
==> default: Warning: Setting GRUB_TIMEOUT to a non-zero value when GRUB_HIDDEN_TIMEOUT is set is no longer supported.
==> default: Found linux image: /boot/vmlinuz-3.19.0-25-generic
==> default: Found initrd image: /boot/initrd.img-3.19.0-25-generic
==> default: Found linux image: /boot/vmlinuz-3.19.0-25-generic
==> default: Found initrd image: /boot/initrd.img-3.19.0-25-generic
==> default: done
==> default: Setting up xenstore-utils (4.4.2-0ubuntu0.14.04.2) ...
==> default: Setting up xen-utils-common (4.4.2-0ubuntu0.14.04.2) ...
==> default: find: 
==> default: `/var/lib/xend/domains'
==> default: : No such file or directory
==> default:  * Not running within Xen or no compatible utils
==> default: Creating config file /etc/default/xen with new version
==> default: Setting up debootstrap (1.0.59ubuntu0.3) ...
==> default: Setting up libauthen-sasl-perl (2.1500-1) ...
==> default: Setting up libconfig-inifiles-perl (2.82-1) ...
==> default: Setting up libfile-slurp-perl (9999.19-4) ...
==> default: Setting up libtext-template-perl (1.46-1) ...
==> default: Setting up xen-tools (4.4-1) ...
==> default: Processing triggers for ureadahead (0.100.0-16) ...
==> default: Setting up xen-utils-4.4 (4.4.2-0ubuntu0.14.04.2) ...
==> default:  * Not running within Xen or no compatible utils
==> default: Setting up libnss3-nssdb (2:3.19.2-0ubuntu0.14.04.1) ...
==> default: Setting up libnss3:amd64 (2:3.19.2-0ubuntu0.14.04.1) ...
==> default: Setting up librados2 (0.80.10-0ubuntu1.14.04.2) ...
==> default: Setting up librbd1 (0.80.10-0ubuntu1.14.04.2) ...
==> default: Setting up librpmio3 (4.11.1-3ubuntu0.1) ...
==> default: Setting up debugedit (4.11.1-3ubuntu0.1) ...
==> default: Setting up libwww-perl (6.05-2) ...
==> default: Setting up liblwp-protocol-https-perl (6.04-2ubuntu0.1) ...
==> default: Setting up librpm3 (4.11.1-3ubuntu0.1) ...
==> default: Setting up librpmbuild3 (4.11.1-3ubuntu0.1) ...
==> default: Setting up librpmsign1 (4.11.1-3ubuntu0.1) ...
==> default: Setting up qemu-system-x86 (2.0.0+dfsg-2ubuntu1.19) ...
==> default: qemu-kvm start/running
==> default: Setting up qemu-utils (2.0.0+dfsg-2ubuntu1.19) ...
==> default: Setting up rpm-common (4.11.1-3ubuntu0.1) ...
==> default: Setting up rpm2cpio (4.11.1-3ubuntu0.1) ...
==> default: Setting up rpm (4.11.1-3ubuntu0.1) ...
==> default: Setting up rinse (2.0.1-1) ...
==> default: Processing triggers for libc-bin (2.19-0ubuntu6.6) ...
==> default: Processing triggers for initramfs-tools (0.103ubuntu4.2) ...
==> default: update-initramfs: Generating /boot/initrd.img-3.19.0-25-generic
==> default: Processing triggers for ureadahead (0.100.0-16) ...
==> default: + 
==> default: dpkg-divert
==> default:  --divert
==> default:  /etc/grub.d/08_linux_xen
==> default:  --rename
==> default:  /etc/grub.d/20_linux_xen
==> default: Adding 'local diversion of /etc/grub.d/20_linux_xen to /etc/grub.d/08_linux_xen'
==> default: + 
==> default: update-grub
==> default: Including Xen overrides from /etc/default/grub.d/xen.cfg
==> default: WARNING: GRUB_DEFAULT changed to boot into Xen by default!
==> default:          Edit /etc/default/grub.d/xen.cfg to avoid this warning.
==> default: Generating grub configuration file ...
==> default: Warning: Setting GRUB_TIMEOUT to a non-zero value when GRUB_HIDDEN_TIMEOUT is set is no longer supported.
==> default: Found linux image: /boot/vmlinuz-3.19.0-25-generic
==> default: Found initrd image: /boot/initrd.img-3.19.0-25-generic
==> default: Found linux image: /boot/vmlinuz-3.19.0-25-generic
==> default: Found initrd image: /boot/initrd.img-3.19.0-25-generic
==> default: done
==> default: + 
==> default: echo
==> default: Running provisioner: shell...
    default: Running: /var/folders/kl/p_96mxr96qb65ysrky9_23jm0000gn/T/vagrant-shell20151011-4743-2jkrql.sh
==> default: stdin: is not a tty
==> default: + 
==> default: apt-get
==> default:  install
==> default:  -y
==> default:  dnsmasq
==> default:  avahi-daemon
==> default: Reading package lists...
==> default: Building dependency tree...
==> default: Reading state information...
==> default: The following extra packages will be installed:
==> default:   dnsmasq-base libavahi-common-data libavahi-common3 libavahi-core7 libdaemon0
==> default:   libmnl0 libnetfilter-conntrack3 libnss-mdns
==> default: Suggested packages:
==> default:   avahi-autoipd
==> default: The following NEW packages will be installed:
==> default:   avahi-daemon dnsmasq dnsmasq-base libavahi-common-data libavahi-common3
==> default:   libavahi-core7 libdaemon0 libmnl0 libnetfilter-conntrack3 libnss-mdns
==> default: 0 upgraded, 10 newly installed, 0 to remove and 3 not upgraded.
==> default: Need to get 550 kB of archives.
==> default: After this operation, 2,074 kB of additional disk space will be used.
==> default: Get:1 http://archive.ubuntu.com/ubuntu/ trusty/main libavahi-common-data amd64 0.6.31-4ubuntu1 [21.2 kB]
==> default: Get:2 http://archive.ubuntu.com/ubuntu/ trusty/main libavahi-common3 amd64 0.6.31-4ubuntu1 [21.7 kB]
==> default: Get:3 http://archive.ubuntu.com/ubuntu/ trusty/main libavahi-core7 amd64 0.6.31-4ubuntu1 [80.9 kB]
==> default: Get:4 http://archive.ubuntu.com/ubuntu/ trusty/main libdaemon0 amd64 0.14-2ubuntu1 [16.4 kB]
==> default: Get:5 http://archive.ubuntu.com/ubuntu/ trusty/main avahi-daemon amd64 0.6.31-4ubuntu1 [58.7 kB]
==> default: Get:6 http://archive.ubuntu.com/ubuntu/ trusty/main libnss-mdns amd64 0.10-6 [21.4 kB]
==> default: Get:7 http://archive.ubuntu.com/ubuntu/ trusty/main libmnl0 amd64 1.0.3-3ubuntu1 [11.4 kB]
==> default: Get:8 http://archive.ubuntu.com/ubuntu/ trusty/main libnetfilter-conntrack3 amd64 1.0.4-1 [45.9 kB]
==> default: Get:9 http://archive.ubuntu.com/ubuntu/ trusty-updates/main dnsmasq-base amd64 2.68-1ubuntu0.1 [257 kB]
==> default: Get:10 http://archive.ubuntu.com/ubuntu/ trusty-updates/universe dnsmasq all 2.68-1ubuntu0.1 [14.9 kB]
==> default: dpkg-preconfigure: unable to re-open stdin: No such file or directory
==> default: Fetched 550 kB in 1s (437 kB/s)
==> default: Selecting previously unselected package libavahi-common-data:amd64.
==> default: (Reading database ... 63540 files and directories currently installed.)
==> default: Preparing to unpack .../libavahi-common-data_0.6.31-4ubuntu1_amd64.deb ...
==> default: Unpacking libavahi-common-data:amd64 (0.6.31-4ubuntu1) ...
==> default: Selecting previously unselected package libavahi-common3:amd64.
==> default: Preparing to unpack .../libavahi-common3_0.6.31-4ubuntu1_amd64.deb ...
==> default: Unpacking libavahi-common3:amd64 (0.6.31-4ubuntu1) ...
==> default: Selecting previously unselected package libavahi-core7:amd64.
==> default: Preparing to unpack .../libavahi-core7_0.6.31-4ubuntu1_amd64.deb ...
==> default: Unpacking libavahi-core7:amd64 (0.6.31-4ubuntu1) ...
==> default: Selecting previously unselected package libdaemon0.
==> default: Preparing to unpack .../libdaemon0_0.14-2ubuntu1_amd64.deb ...
==> default: Unpacking libdaemon0 (0.14-2ubuntu1) ...
==> default: Selecting previously unselected package avahi-daemon.
==> default: Preparing to unpack .../avahi-daemon_0.6.31-4ubuntu1_amd64.deb ...
==> default: Unpacking avahi-daemon (0.6.31-4ubuntu1) ...
==> default: Selecting previously unselected package libnss-mdns:amd64.
==> default: Preparing to unpack .../libnss-mdns_0.10-6_amd64.deb ...
==> default: Unpacking libnss-mdns:amd64 (0.10-6) ...
==> default: Selecting previously unselected package libmnl0:amd64.
==> default: Preparing to unpack .../libmnl0_1.0.3-3ubuntu1_amd64.deb ...
==> default: Unpacking libmnl0:amd64 (1.0.3-3ubuntu1) ...
==> default: Selecting previously unselected package libnetfilter-conntrack3:amd64.
==> default: Preparing to unpack .../libnetfilter-conntrack3_1.0.4-1_amd64.deb ...
==> default: Unpacking libnetfilter-conntrack3:amd64 (1.0.4-1) ...
==> default: Selecting previously unselected package dnsmasq-base.
==> default: Preparing to unpack .../dnsmasq-base_2.68-1ubuntu0.1_amd64.deb ...
==> default: Unpacking dnsmasq-base (2.68-1ubuntu0.1) ...
==> default: Selecting previously unselected package dnsmasq.
==> default: Preparing to unpack .../dnsmasq_2.68-1ubuntu0.1_all.deb ...
==> default: Unpacking dnsmasq (2.68-1ubuntu0.1) ...
==> default: Processing triggers for ureadahead (0.100.0-16) ...
==> default: Processing triggers for man-db (2.6.7.1-1ubuntu1) ...
==> default: Setting up libavahi-common-data:amd64 (0.6.31-4ubuntu1) ...
==> default: Setting up libavahi-common3:amd64 (0.6.31-4ubuntu1) ...
==> default: Setting up libavahi-core7:amd64 (0.6.31-4ubuntu1) ...
==> default: Setting up libdaemon0 (0.14-2ubuntu1) ...
==> default: Setting up avahi-daemon (0.6.31-4ubuntu1) ...
==> default: avahi-daemon start/running, process 23105
==> default: Setting up libmnl0:amd64 (1.0.3-3ubuntu1) ...
==> default: Setting up libnetfilter-conntrack3:amd64 (1.0.4-1) ...
==> default: Setting up dnsmasq-base (2.68-1ubuntu0.1) ...
==> default: Setting up dnsmasq (2.68-1ubuntu0.1) ...
==> default:  * Starting DNS forwarder and DHCP server dnsmasq
==> default:    ...done.
==> default: Processing triggers for ureadahead (0.100.0-16) ...
==> default: Setting up libnss-mdns:amd64 (0.10-6) ...
==> default: First installation detected...
==> default: Checking NSS setup...
==> default: Processing triggers for libc-bin (2.19-0ubuntu6.6) ...
==> default: + 
==> default: cat
==> default: interface=br0
==> default: dhcp-range=192.168.56.150,192.168.56.200,1h
==> default: EOF >> /etc/dnsmasq.conf
==> default: Running provisioner: shell...
    default: Running: /var/folders/kl/p_96mxr96qb65ysrky9_23jm0000gn/T/vagrant-shell20151011-4743-cdf8o3.sh
==> default: + sudo apt-get install -y software-properties-common
==> default: Reading package lists...
==> default: Building dependency tree...
==> default: Reading state information...
==> default: The following extra packages will be installed:
==> default:   python3-pycurl python3-software-properties
==> default: Suggested packages:
==> default:   libcurl4-gnutls-dev python3-pycurl-dbg
==> default: The following NEW packages will be installed:
==> default:   python3-pycurl python3-software-properties software-properties-common
==> default: 0 upgraded, 3 newly installed, 0 to remove and 3 not upgraded.
==> default: Need to get 76.0 kB of archives.
==> default: After this operation, 542 kB of additional disk space will be used.
==> default: Err http://archive.ubuntu.com/ubuntu/ trusty/main python3-pycurl amd64 7.19.3-0ubuntu3
==> default:   Could not resolve 'archive.ubuntu.com'
==> default: Err http://archive.ubuntu.com/ubuntu/ trusty-updates/main python3-software-properties all 0.92.37.5
==> default:   Could not resolve 'archive.ubuntu.com'
==> default: Err http://archive.ubuntu.com/ubuntu/ trusty-updates/main software-properties-common all 0.92.37.5
==> default:   Could not resolve 'archive.ubuntu.com'
==> default: E
==> default: : 
==> default: Failed to fetch http://archive.ubuntu.com/ubuntu/pool/main/p/pycurl/python3-pycurl_7.19.3-0ubuntu3_amd64.deb  Could not resolve 'archive.ubuntu.com'
==> default: E
==> default: : 
==> default: Failed to fetch http://archive.ubuntu.com/ubuntu/pool/main/s/software-properties/python3-software-properties_0.92.37.5_all.deb  Could not resolve 'archive.ubuntu.com'
==> default: E
==> default: : 
==> default: Failed to fetch http://archive.ubuntu.com/ubuntu/pool/main/s/software-properties/software-properties-common_0.92.37.5_all.deb  Could not resolve 'archive.ubuntu.com'
==> default: E
==> default: : 
==> default: Unable to fetch some archives, maybe run apt-get update or try with --fix-missing?
